<?xml version="1.0" encoding="UTF-8"?>
<coverage generated="1637921056976" clover="3.2.0">
  <project timestamp="1637921056976" name="All files">
    <metrics statements="36" coveredstatements="36" conditionals="31" coveredconditionals="30" methods="8" coveredmethods="8" elements="75" coveredelements="74" complexity="0" loc="36" ncloc="36" packages="1" files="1" classes="1"/>
    <file name="gilded_rose.js" path="/Users/douglaskerins/Projects/GildedRose-Refactoring-Kata/js-jest/src/gilded_rose.js">
      <metrics statements="36" coveredstatements="36" conditionals="31" coveredconditionals="30" methods="8" coveredmethods="8"/>
      <line num="3" count="16" type="stmt"/>
      <line num="4" count="16" type="stmt"/>
      <line num="5" count="16" type="stmt"/>
      <line num="11" count="16" type="stmt"/>
      <line num="14" count="16" type="stmt"/>
      <line num="15" count="16" type="stmt"/>
      <line num="16" count="16" type="stmt"/>
      <line num="17" count="16" type="stmt"/>
      <line num="18" count="16" type="stmt"/>
      <line num="19" count="16" type="cond" truecount="2" falsecount="0"/>
      <line num="20" count="16" type="cond" truecount="2" falsecount="0"/>
      <line num="21" count="16" type="cond" truecount="6" falsecount="0"/>
      <line num="22" count="16" type="cond" truecount="2" falsecount="0"/>
      <line num="24" count="16" type="stmt"/>
      <line num="25" count="16" type="stmt"/>
      <line num="26" count="16" type="cond" truecount="2" falsecount="0"/>
      <line num="27" count="16" type="cond" truecount="2" falsecount="0"/>
      <line num="28" count="16" type="cond" truecount="2" falsecount="0"/>
      <line num="30" count="16" type="stmt"/>
      <line num="34" count="5" type="stmt"/>
      <line num="36" count="5" type="cond" truecount="2" falsecount="0"/>
      <line num="37" count="3" type="stmt"/>
      <line num="41" count="4" type="stmt"/>
      <line num="42" count="4" type="stmt"/>
      <line num="43" count="4" type="stmt"/>
      <line num="45" count="4" type="cond" truecount="2" falsecount="0"/>
      <line num="46" count="3" type="cond" truecount="2" falsecount="0"/>
      <line num="47" count="2" type="cond" truecount="2" falsecount="0"/>
      <line num="48" count="1" type="stmt"/>
      <line num="52" count="3" type="stmt"/>
      <line num="54" count="3" type="cond" truecount="2" falsecount="0"/>
      <line num="55" count="2" type="stmt"/>
      <line num="59" count="2" type="stmt"/>
      <line num="61" count="2" type="cond" truecount="2" falsecount="0"/>
      <line num="62" count="1" type="stmt"/>
      <line num="66" count="1" type="stmt"/>
    </file>
  </project>
</coverage>
