{"/Users/douglaskerins/Projects/GildedRose-Refactoring-Kata/js-jest/src/gilded_rose.js": {"path":"/Users/douglaskerins/Projects/GildedRose-Refactoring-Kata/js-jest/src/gilded_rose.js","statementMap":{"0":{"start":{"line":3,"column":4},"end":{"line":3,"column":21}},"1":{"start":{"line":4,"column":4},"end":{"line":4,"column":25}},"2":{"start":{"line":5,"column":4},"end":{"line":5,"column":27}},"3":{"start":{"line":11,"column":4},"end":{"line":11,"column":23}},"4":{"start":{"line":14,"column":4},"end":{"line":29,"column":6}},"5":{"start":{"line":15,"column":25},"end":{"line":15,"column":66}},"6":{"start":{"line":16,"column":25},"end":{"line":16,"column":49}},"7":{"start":{"line":17,"column":30},"end":{"line":17,"column":86}},"8":{"start":{"line":18,"column":25},"end":{"line":18,"column":58}},"9":{"start":{"line":19,"column":6},"end":{"line":19,"column":71}},"10":{"start":{"line":19,"column":24},"end":{"line":19,"column":69}},"11":{"start":{"line":20,"column":6},"end":{"line":20,"column":77}},"12":{"start":{"line":20,"column":29},"end":{"line":20,"column":75}},"13":{"start":{"line":21,"column":6},"end":{"line":21,"column":125}},"14":{"start":{"line":21,"column":75},"end":{"line":21,"column":123}},"15":{"start":{"line":22,"column":6},"end":{"line":22,"column":71}},"16":{"start":{"line":22,"column":24},"end":{"line":22,"column":69}},"17":{"start":{"line":24,"column":30},"end":{"line":24,"column":47}},"18":{"start":{"line":25,"column":30},"end":{"line":25,"column":46}},"19":{"start":{"line":26,"column":6},"end":{"line":26,"column":48}},"20":{"start":{"line":26,"column":29},"end":{"line":26,"column":46}},"21":{"start":{"line":27,"column":6},"end":{"line":27,"column":47}},"22":{"start":{"line":27,"column":29},"end":{"line":27,"column":45}},"23":{"start":{"line":28,"column":6},"end":{"line":28,"column":40}},"24":{"start":{"line":28,"column":25},"end":{"line":28,"column":38}},"25":{"start":{"line":30,"column":4},"end":{"line":30,"column":22}},"26":{"start":{"line":34,"column":25},"end":{"line":34,"column":40}},"27":{"start":{"line":36,"column":4},"end":{"line":36,"column":50}},"28":{"start":{"line":36,"column":24},"end":{"line":36,"column":48}},"29":{"start":{"line":37,"column":4},"end":{"line":37,"column":29}},"30":{"start":{"line":41,"column":25},"end":{"line":41,"column":40}},"31":{"start":{"line":42,"column":33},"end":{"line":42,"column":48}},"32":{"start":{"line":43,"column":32},"end":{"line":43,"column":48}},"33":{"start":{"line":45,"column":4},"end":{"line":45,"column":34}},"34":{"start":{"line":45,"column":24},"end":{"line":45,"column":32}},"35":{"start":{"line":46,"column":4},"end":{"line":46,"column":58}},"36":{"start":{"line":46,"column":32},"end":{"line":46,"column":56}},"37":{"start":{"line":47,"column":4},"end":{"line":47,"column":57}},"38":{"start":{"line":47,"column":31},"end":{"line":47,"column":55}},"39":{"start":{"line":48,"column":4},"end":{"line":48,"column":29}},"40":{"start":{"line":52,"column":25},"end":{"line":52,"column":40}},"41":{"start":{"line":54,"column":4},"end":{"line":54,"column":50}},"42":{"start":{"line":54,"column":24},"end":{"line":54,"column":48}},"43":{"start":{"line":55,"column":4},"end":{"line":55,"column":29}},"44":{"start":{"line":59,"column":25},"end":{"line":59,"column":40}},"45":{"start":{"line":61,"column":4},"end":{"line":61,"column":50}},"46":{"start":{"line":61,"column":24},"end":{"line":61,"column":48}},"47":{"start":{"line":62,"column":4},"end":{"line":62,"column":29}},"48":{"start":{"line":66,"column":0},"end":{"line":69,"column":1}}},"fnMap":{"0":{"name":"(anonymous_0)","decl":{"start":{"line":2,"column":2},"end":{"line":2,"column":3}},"loc":{"start":{"line":2,"column":36},"end":{"line":6,"column":3}},"line":2},"1":{"name":"(anonymous_1)","decl":{"start":{"line":10,"column":2},"end":{"line":10,"column":3}},"loc":{"start":{"line":10,"column":23},"end":{"line":12,"column":3}},"line":10},"2":{"name":"(anonymous_2)","decl":{"start":{"line":13,"column":2},"end":{"line":13,"column":3}},"loc":{"start":{"line":13,"column":18},"end":{"line":31,"column":3}},"line":13},"3":{"name":"(anonymous_3)","decl":{"start":{"line":14,"column":23},"end":{"line":14,"column":24}},"loc":{"start":{"line":14,"column":31},"end":{"line":29,"column":5}},"line":14},"4":{"name":"(anonymous_4)","decl":{"start":{"line":33,"column":2},"end":{"line":33,"column":3}},"loc":{"start":{"line":33,"column":31},"end":{"line":38,"column":3}},"line":33},"5":{"name":"(anonymous_5)","decl":{"start":{"line":40,"column":2},"end":{"line":40,"column":3}},"loc":{"start":{"line":40,"column":29},"end":{"line":49,"column":3}},"line":40},"6":{"name":"(anonymous_6)","decl":{"start":{"line":51,"column":2},"end":{"line":51,"column":3}},"loc":{"start":{"line":51,"column":28},"end":{"line":56,"column":3}},"line":51},"7":{"name":"(anonymous_7)","decl":{"start":{"line":58,"column":2},"end":{"line":58,"column":3}},"loc":{"start":{"line":58,"column":28},"end":{"line":63,"column":3}},"line":58}},"branchMap":{"0":{"loc":{"start":{"line":10,"column":14},"end":{"line":10,"column":22}},"type":"default-arg","locations":[{"start":{"line":10,"column":20},"end":{"line":10,"column":22}}],"line":10},"1":{"loc":{"start":{"line":19,"column":6},"end":{"line":19,"column":71}},"type":"if","locations":[{"start":{"line":19,"column":6},"end":{"line":19,"column":71}},{"start":{},"end":{}}],"line":19},"2":{"loc":{"start":{"line":20,"column":6},"end":{"line":20,"column":77}},"type":"if","locations":[{"start":{"line":20,"column":6},"end":{"line":20,"column":77}},{"start":{},"end":{}}],"line":20},"3":{"loc":{"start":{"line":21,"column":6},"end":{"line":21,"column":125}},"type":"if","locations":[{"start":{"line":21,"column":6},"end":{"line":21,"column":125}},{"start":{},"end":{}}],"line":21},"4":{"loc":{"start":{"line":21,"column":10},"end":{"line":21,"column":71}},"type":"binary-expr","locations":[{"start":{"line":21,"column":10},"end":{"line":21,"column":21}},{"start":{"line":21,"column":25},"end":{"line":21,"column":41}},{"start":{"line":21,"column":45},"end":{"line":21,"column":56}},{"start":{"line":21,"column":60},"end":{"line":21,"column":71}}],"line":21},"5":{"loc":{"start":{"line":22,"column":6},"end":{"line":22,"column":71}},"type":"if","locations":[{"start":{"line":22,"column":6},"end":{"line":22,"column":71}},{"start":{},"end":{}}],"line":22},"6":{"loc":{"start":{"line":26,"column":6},"end":{"line":26,"column":48}},"type":"if","locations":[{"start":{"line":26,"column":6},"end":{"line":26,"column":48}},{"start":{},"end":{}}],"line":26},"7":{"loc":{"start":{"line":27,"column":6},"end":{"line":27,"column":47}},"type":"if","locations":[{"start":{"line":27,"column":6},"end":{"line":27,"column":47}},{"start":{},"end":{}}],"line":27},"8":{"loc":{"start":{"line":28,"column":6},"end":{"line":28,"column":40}},"type":"if","locations":[{"start":{"line":28,"column":6},"end":{"line":28,"column":40}},{"start":{},"end":{}}],"line":28},"9":{"loc":{"start":{"line":36,"column":4},"end":{"line":36,"column":50}},"type":"if","locations":[{"start":{"line":36,"column":4},"end":{"line":36,"column":50}},{"start":{},"end":{}}],"line":36},"10":{"loc":{"start":{"line":45,"column":4},"end":{"line":45,"column":34}},"type":"if","locations":[{"start":{"line":45,"column":4},"end":{"line":45,"column":34}},{"start":{},"end":{}}],"line":45},"11":{"loc":{"start":{"line":46,"column":4},"end":{"line":46,"column":58}},"type":"if","locations":[{"start":{"line":46,"column":4},"end":{"line":46,"column":58}},{"start":{},"end":{}}],"line":46},"12":{"loc":{"start":{"line":47,"column":4},"end":{"line":47,"column":57}},"type":"if","locations":[{"start":{"line":47,"column":4},"end":{"line":47,"column":57}},{"start":{},"end":{}}],"line":47},"13":{"loc":{"start":{"line":54,"column":4},"end":{"line":54,"column":50}},"type":"if","locations":[{"start":{"line":54,"column":4},"end":{"line":54,"column":50}},{"start":{},"end":{}}],"line":54},"14":{"loc":{"start":{"line":61,"column":4},"end":{"line":61,"column":50}},"type":"if","locations":[{"start":{"line":61,"column":4},"end":{"line":61,"column":50}},{"start":{},"end":{}}],"line":61}},"s":{"0":16,"1":16,"2":16,"3":16,"4":16,"5":16,"6":16,"7":16,"8":16,"9":16,"10":3,"11":16,"12":4,"13":16,"14":5,"15":16,"16":2,"17":16,"18":16,"19":16,"20":1,"21":16,"22":2,"23":16,"24":14,"25":16,"26":5,"27":5,"28":2,"29":3,"30":4,"31":4,"32":4,"33":4,"34":1,"35":3,"36":1,"37":2,"38":1,"39":1,"40":3,"41":3,"42":1,"43":2,"44":2,"45":2,"46":1,"47":1,"48":1},"f":{"0":16,"1":16,"2":16,"3":16,"4":5,"5":4,"6":3,"7":2},"b":{"0":[0],"1":[3,13],"2":[4,12],"3":[5,11],"4":[16,13,9,7],"5":[2,14],"6":[1,15],"7":[2,14],"8":[14,2],"9":[2,3],"10":[1,3],"11":[1,2],"12":[1,1],"13":[1,2],"14":[1,1]},"_coverageSchema":"1a1c01bbd47fc00a2c39e90264f33305004495a9","hash":"3cb7537626da18d5b122e3b6c8204f10828022b1"}
}
