TN:
SF:src/gilded_rose.js
FN:2,(anonymous_0)
FN:10,(anonymous_1)
FN:13,(anonymous_2)
FN:14,(anonymous_3)
FN:33,(anonymous_4)
FN:40,(anonymous_5)
FN:51,(anonymous_6)
FN:58,(anonymous_7)
FNF:8
FNH:8
FNDA:16,(anonymous_0)
FNDA:16,(anonymous_1)
FNDA:16,(anonymous_2)
FNDA:16,(anonymous_3)
FNDA:5,(anonymous_4)
FNDA:4,(anonymous_5)
FNDA:3,(anonymous_6)
FNDA:2,(anonymous_7)
DA:3,16
DA:4,16
DA:5,16
DA:11,16
DA:14,16
DA:15,16
DA:16,16
DA:17,16
DA:18,16
DA:19,16
DA:20,16
DA:21,16
DA:22,16
DA:24,16
DA:25,16
DA:26,16
DA:27,16
DA:28,16
DA:30,16
DA:34,5
DA:36,5
DA:37,3
DA:41,4
DA:42,4
DA:43,4
DA:45,4
DA:46,3
DA:47,2
DA:48,1
DA:52,3
DA:54,3
DA:55,2
DA:59,2
DA:61,2
DA:62,1
DA:66,1
LF:36
LH:36
BRDA:10,0,0,0
BRDA:19,1,0,3
BRDA:19,1,1,13
BRDA:20,2,0,4
BRDA:20,2,1,12
BRDA:21,3,0,5
BRDA:21,3,1,11
BRDA:21,4,0,16
BRDA:21,4,1,13
BRDA:21,4,2,9
BRDA:21,4,3,7
BRDA:22,5,0,2
BRDA:22,5,1,14
BRDA:26,6,0,1
BRDA:26,6,1,15
BRDA:27,7,0,2
BRDA:27,7,1,14
BRDA:28,8,0,14
BRDA:28,8,1,2
BRDA:36,9,0,2
BRDA:36,9,1,3
BRDA:45,10,0,1
BRDA:45,10,1,3
BRDA:46,11,0,1
BRDA:46,11,1,2
BRDA:47,12,0,1
BRDA:47,12,1,1
BRDA:54,13,0,1
BRDA:54,13,1,2
BRDA:61,14,0,1
BRDA:61,14,1,1
BRF:31
BRH:30
end_of_record
